<?xml version="1.0" encoding="UTF-8"?>
<coverage generated="1525040886601" clover="3.2.0">
  <project timestamp="1525040886601" name="All files">
    <metrics statements="14" coveredstatements="0" conditionals="12" coveredconditionals="0" methods="9" coveredmethods="0" elements="35" coveredelements="0" complexity="0" loc="14" ncloc="14" packages="3" files="4" classes="4">
      <package name="src">
        <metrics statements="1" coveredstatements="0" conditionals="0" coveredconditionals="0" methods="0" coveredmethods="0"/>
        <file name="index.js" path="/Users/johankjellin/Desktop/testing react/testing react/CH 1/01_02/start/src/index.js">
          <metrics statements="1" coveredstatements="0" conditionals="0" coveredconditionals="0" methods="0" coveredmethods="0"/>
          <line num="1" count="0" type="stmt"/>
        </file>
      </package>
      <package name="src.components">
        <metrics statements="5" coveredstatements="0" conditionals="4" coveredconditionals="0" methods="3" coveredmethods="0"/>
        <file name="App.jsx" path="/Users/johankjellin/Desktop/testing react/testing react/CH 1/01_02/start/src/components/App.jsx">
          <metrics statements="5" coveredstatements="0" conditionals="4" coveredconditionals="0" methods="3" coveredmethods="0"/>
          <line num="1" count="0" type="stmt"/>
          <line num="5" count="0" type="cond" truecount="0" falsecount="4"/>
          <line num="9" count="0" type="stmt"/>
          <line num="10" count="0" type="stmt"/>
          <line num="14" count="0" type="stmt"/>
        </file>
      </package>
      <package name="src.components.listings">
        <metrics statements="8" coveredstatements="0" conditionals="8" coveredconditionals="0" methods="6" coveredmethods="0"/>
        <file name="Grid.jsx" path="/Users/johankjellin/Desktop/testing react/testing react/CH 1/01_02/start/src/components/listings/Grid.jsx">
          <metrics statements="5" coveredstatements="0" conditionals="4" coveredconditionals="0" methods="4" coveredmethods="0"/>
          <line num="1" count="0" type="stmt"/>
          <line num="2" count="0" type="cond" truecount="0" falsecount="4"/>
          <line num="6" count="0" type="stmt"/>
          <line num="7" count="0" type="stmt"/>
          <line num="12" count="0" type="stmt"/>
        </file>
        <file name="Single.jsx" path="/Users/johankjellin/Desktop/testing react/testing react/CH 1/01_02/start/src/components/listings/Single.jsx">
          <metrics statements="3" coveredstatements="0" conditionals="4" coveredconditionals="0" methods="2" coveredmethods="0"/>
          <line num="1" count="0" type="cond" truecount="0" falsecount="4"/>
          <line num="3" count="0" type="stmt"/>
          <line num="4" count="0" type="stmt"/>
        </file>
      </package>
    </metrics>
  </project>
</coverage>
